<?xml version="1.0" encoding="UTF-8" ?>
<testsuite failures="0" time="0.622" errors="0" skipped="0" tests="5" name="com.vis.oubl.service.SearchServiceSEIImplTest">
  <properties>
[...]
</properties>
  <testcase time="0.597" classname="com.vis.oubl.service.SearchServiceSEIImplTest" name="testSearchServiceSEIImplUpdateCustomer"/>
  <testcase time="0.006" classname="com.vis.oubl.service.SearchServiceSEIImplTest" name="testSearchServiceSEIImplDeleteCustomer"/>
  <testcase time="0.004" classname="com.vis.oubl.service.SearchServiceSEIImplTest" name="testSearchServiceSEIImplCustomersQuery"/>
  <testcase time="0" classname="com.vis.oubl.service.SearchServiceSEIImplTest" name="testSearchServiceSEIImplCustomerSearch"/>
  <testcase time="0.015" classname="com.vis.oubl.service.SearchServiceSEIImplTest" name="testSearchServiceSEIImplCreateCustomer"/>
</testsuite>